{"/Applications/MAMP/htdocs/smts/Stock-Market-Tracking-System/index.js": {"path":"/Applications/MAMP/htdocs/smts/Stock-Market-Tracking-System/index.js","statementMap":{"0":{"start":{"line":1,"column":16},"end":{"line":1,"column":34}},"1":{"start":{"line":2,"column":12},"end":{"line":2,"column":21}},"2":{"start":{"line":3,"column":16},"end":{"line":3,"column":34}},"3":{"start":{"line":4,"column":19},"end":{"line":4,"column":41}},"4":{"start":{"line":6,"column":0},"end":{"line":6,"column":31}},"5":{"start":{"line":7,"column":0},"end":{"line":7,"column":33}},"6":{"start":{"line":8,"column":0},"end":{"line":8,"column":26}},"7":{"start":{"line":10,"column":0},"end":{"line":10,"column":52}},"8":{"start":{"line":11,"column":0},"end":{"line":11,"column":27}},"9":{"start":{"line":13,"column":13},"end":{"line":13,"column":37}},"10":{"start":{"line":15,"column":15},"end":{"line":15,"column":80}},"11":{"start":{"line":15,"column":38},"end":{"line":15,"column":79}},"12":{"start":{"line":17,"column":0},"end":{"line":17,"column":24}}},"fnMap":{"0":{"name":"(anonymous_0)","decl":{"start":{"line":15,"column":32},"end":{"line":15,"column":33}},"loc":{"start":{"line":15,"column":38},"end":{"line":15,"column":79}},"line":15}},"branchMap":{"0":{"loc":{"start":{"line":13,"column":13},"end":{"line":13,"column":37}},"type":"binary-expr","locations":[{"start":{"line":13,"column":13},"end":{"line":13,"column":29}},{"start":{"line":13,"column":33},"end":{"line":13,"column":37}}],"line":13}},"s":{"0":2,"1":2,"2":2,"3":2,"4":2,"5":2,"6":2,"7":2,"8":2,"9":2,"10":2,"11":2,"12":2},"f":{"0":2},"b":{"0":[2,2]},"_coverageSchema":"1a1c01bbd47fc00a2c39e90264f33305004495a9","hash":"8fb9cee494b15a703c7a9a5329c44dfd5d83cc51"}
,"/Applications/MAMP/htdocs/smts/Stock-Market-Tracking-System/middleware/auth.js": {"path":"/Applications/MAMP/htdocs/smts/Stock-Market-Tracking-System/middleware/auth.js","statementMap":{"0":{"start":{"line":1,"column":12},"end":{"line":1,"column":35}},"1":{"start":{"line":2,"column":15},"end":{"line":2,"column":32}},"2":{"start":{"line":4,"column":0},"end":{"line":15,"column":1}},"3":{"start":{"line":5,"column":18},"end":{"line":5,"column":44}},"4":{"start":{"line":6,"column":4},"end":{"line":6,"column":80}},"5":{"start":{"line":6,"column":15},"end":{"line":6,"column":80}},"6":{"start":{"line":7,"column":4},"end":{"line":14,"column":5}},"7":{"start":{"line":8,"column":24},"end":{"line":8,"column":70}},"8":{"start":{"line":9,"column":8},"end":{"line":9,"column":27}},"9":{"start":{"line":10,"column":8},"end":{"line":10,"column":15}},"10":{"start":{"line":13,"column":8},"end":{"line":13,"column":46}}},"fnMap":{"0":{"name":"(anonymous_0)","decl":{"start":{"line":4,"column":17},"end":{"line":4,"column":18}},"loc":{"start":{"line":4,"column":43},"end":{"line":15,"column":1}},"line":4}},"branchMap":{"0":{"loc":{"start":{"line":6,"column":4},"end":{"line":6,"column":80}},"type":"if","locations":[{"start":{"line":6,"column":4},"end":{"line":6,"column":80}},{"start":{"line":6,"column":4},"end":{"line":6,"column":80}}],"line":6}},"s":{"0":2,"1":2,"2":2,"3":19,"4":19,"5":4,"6":15,"7":15,"8":14,"9":14,"10":1},"f":{"0":19},"b":{"0":[4,15]},"_coverageSchema":"1a1c01bbd47fc00a2c39e90264f33305004495a9","hash":"0961cb0159e3998bf0a127e431517193e80c4709"}
,"/Applications/MAMP/htdocs/smts/Stock-Market-Tracking-System/middleware/error.js": {"path":"/Applications/MAMP/htdocs/smts/Stock-Market-Tracking-System/middleware/error.js","statementMap":{"0":{"start":{"line":1,"column":16},"end":{"line":1,"column":34}},"1":{"start":{"line":3,"column":0},"end":{"line":7,"column":1}},"2":{"start":{"line":4,"column":2},"end":{"line":4,"column":34}},"3":{"start":{"line":5,"column":2},"end":{"line":5,"column":27}},"4":{"start":{"line":6,"column":2},"end":{"line":6,"column":44}}},"fnMap":{"0":{"name":"(anonymous_0)","decl":{"start":{"line":3,"column":17},"end":{"line":3,"column":18}},"loc":{"start":{"line":3,"column":46},"end":{"line":7,"column":1}},"line":3}},"branchMap":{},"s":{"0":2,"1":2,"2":0,"3":0,"4":0},"f":{"0":0},"b":{},"_coverageSchema":"1a1c01bbd47fc00a2c39e90264f33305004495a9","hash":"be131172d6745d893c35e6f254ff9d4689a3eb17"}
,"/Applications/MAMP/htdocs/smts/Stock-Market-Tracking-System/models/orders.js": {"path":"/Applications/MAMP/htdocs/smts/Stock-Market-Tracking-System/models/orders.js","statementMap":{"0":{"start":{"line":1,"column":12},"end":{"line":1,"column":26}},"1":{"start":{"line":2,"column":0},"end":{"line":2,"column":44}},"2":{"start":{"line":3,"column":17},"end":{"line":3,"column":36}},"3":{"start":{"line":4,"column":15},"end":{"line":4,"column":32}},"4":{"start":{"line":6,"column":20},"end":{"line":42,"column":2}},"5":{"start":{"line":44,"column":14},"end":{"line":44,"column":51}},"6":{"start":{"line":47,"column":17},"end":{"line":49,"column":4}},"7":{"start":{"line":50,"column":2},"end":{"line":50,"column":32}},"8":{"start":{"line":53,"column":0},"end":{"line":53,"column":23}},"9":{"start":{"line":54,"column":0},"end":{"line":54,"column":33}}},"fnMap":{"0":{"name":"validateOrder","decl":{"start":{"line":46,"column":9},"end":{"line":46,"column":22}},"loc":{"start":{"line":46,"column":30},"end":{"line":51,"column":1}},"line":46}},"branchMap":{},"s":{"0":2,"1":2,"2":2,"3":2,"4":2,"5":2,"6":0,"7":0,"8":2,"9":2},"f":{"0":0},"b":{},"_coverageSchema":"1a1c01bbd47fc00a2c39e90264f33305004495a9","hash":"06ac29f9b8889fdc8073178a0a38271284ea1ab3"}
,"/Applications/MAMP/htdocs/smts/Stock-Market-Tracking-System/models/products.js": {"path":"/Applications/MAMP/htdocs/smts/Stock-Market-Tracking-System/models/products.js","statementMap":{"0":{"start":{"line":1,"column":12},"end":{"line":1,"column":26}},"1":{"start":{"line":2,"column":17},"end":{"line":2,"column":36}},"2":{"start":{"line":4,"column":17},"end":{"line":25,"column":3}},"3":{"start":{"line":28,"column":17},"end":{"line":32,"column":4}},"4":{"start":{"line":33,"column":2},"end":{"line":33,"column":34}},"5":{"start":{"line":36,"column":0},"end":{"line":36,"column":28}},"6":{"start":{"line":37,"column":0},"end":{"line":37,"column":35}}},"fnMap":{"0":{"name":"validateProduct","decl":{"start":{"line":27,"column":9},"end":{"line":27,"column":24}},"loc":{"start":{"line":27,"column":34},"end":{"line":34,"column":1}},"line":27}},"branchMap":{},"s":{"0":2,"1":2,"2":2,"3":9,"4":9,"5":2,"6":2},"f":{"0":9},"b":{},"_coverageSchema":"1a1c01bbd47fc00a2c39e90264f33305004495a9","hash":"12b5a0a09cf7d59f0f32617e69e2e32489c2548e"}
,"/Applications/MAMP/htdocs/smts/Stock-Market-Tracking-System/models/rating.js": {"path":"/Applications/MAMP/htdocs/smts/Stock-Market-Tracking-System/models/rating.js","statementMap":{"0":{"start":{"line":1,"column":12},"end":{"line":1,"column":26}},"1":{"start":{"line":2,"column":0},"end":{"line":2,"column":44}},"2":{"start":{"line":3,"column":17},"end":{"line":3,"column":36}},"3":{"start":{"line":5,"column":21},"end":{"line":34,"column":2}},"4":{"start":{"line":36,"column":15},"end":{"line":36,"column":54}},"5":{"start":{"line":39,"column":17},"end":{"line":42,"column":4}},"6":{"start":{"line":43,"column":2},"end":{"line":43,"column":33}},"7":{"start":{"line":46,"column":0},"end":{"line":46,"column":25}},"8":{"start":{"line":47,"column":0},"end":{"line":47,"column":34}}},"fnMap":{"0":{"name":"validateRating","decl":{"start":{"line":38,"column":9},"end":{"line":38,"column":23}},"loc":{"start":{"line":38,"column":32},"end":{"line":44,"column":1}},"line":38}},"branchMap":{},"s":{"0":2,"1":2,"2":2,"3":2,"4":2,"5":0,"6":0,"7":2,"8":2},"f":{"0":0},"b":{},"_coverageSchema":"1a1c01bbd47fc00a2c39e90264f33305004495a9","hash":"8b35158392c6b9507cd3f7c06c2f7c1d3773f10b"}
,"/Applications/MAMP/htdocs/smts/Stock-Market-Tracking-System/models/users.js": {"path":"/Applications/MAMP/htdocs/smts/Stock-Market-Tracking-System/models/users.js","statementMap":{"0":{"start":{"line":2,"column":12},"end":{"line":2,"column":35}},"1":{"start":{"line":3,"column":15},"end":{"line":3,"column":32}},"2":{"start":{"line":4,"column":17},"end":{"line":4,"column":36}},"3":{"start":{"line":6,"column":19},"end":{"line":31,"column":4}},"4":{"start":{"line":34,"column":4},"end":{"line":34,"column":41}},"5":{"start":{"line":41,"column":18},"end":{"line":41,"column":78}},"6":{"start":{"line":42,"column":4},"end":{"line":42,"column":17}},"7":{"start":{"line":45,"column":19},"end":{"line":49,"column":6}},"8":{"start":{"line":50,"column":4},"end":{"line":50,"column":33}},"9":{"start":{"line":53,"column":14},"end":{"line":53,"column":48}},"10":{"start":{"line":55,"column":0},"end":{"line":55,"column":44}},"11":{"start":{"line":56,"column":0},"end":{"line":56,"column":46}},"12":{"start":{"line":57,"column":0},"end":{"line":57,"column":32}},"13":{"start":{"line":58,"column":0},"end":{"line":58,"column":22}}},"fnMap":{"0":{"name":"validatePassword","decl":{"start":{"line":33,"column":9},"end":{"line":33,"column":25}},"loc":{"start":{"line":33,"column":45},"end":{"line":35,"column":1}},"line":33},"1":{"name":"generateAuthToken","decl":{"start":{"line":40,"column":9},"end":{"line":40,"column":26}},"loc":{"start":{"line":40,"column":34},"end":{"line":43,"column":1}},"line":40},"2":{"name":"validateUser","decl":{"start":{"line":44,"column":9},"end":{"line":44,"column":21}},"loc":{"start":{"line":44,"column":29},"end":{"line":51,"column":1}},"line":44}},"branchMap":{},"s":{"0":2,"1":2,"2":2,"3":2,"4":0,"5":19,"6":19,"7":0,"8":0,"9":2,"10":2,"11":2,"12":2,"13":2},"f":{"0":0,"1":19,"2":0},"b":{},"_coverageSchema":"1a1c01bbd47fc00a2c39e90264f33305004495a9","hash":"b71e547719d76ad4f3f816218185cb936633f326"}
,"/Applications/MAMP/htdocs/smts/Stock-Market-Tracking-System/routes/auth.js": {"path":"/Applications/MAMP/htdocs/smts/Stock-Market-Tracking-System/routes/auth.js","statementMap":{"0":{"start":{"line":1,"column":12},"end":{"line":1,"column":26}},"1":{"start":{"line":2,"column":10},"end":{"line":2,"column":27}},"2":{"start":{"line":3,"column":53},"end":{"line":3,"column":79}},"3":{"start":{"line":4,"column":16},"end":{"line":4,"column":34}},"4":{"start":{"line":5,"column":15},"end":{"line":5,"column":31}},"5":{"start":{"line":7,"column":0},"end":{"line":20,"column":2}},"6":{"start":{"line":8,"column":21},"end":{"line":8,"column":39}},"7":{"start":{"line":10,"column":4},"end":{"line":10,"column":86}},"8":{"start":{"line":10,"column":23},"end":{"line":10,"column":86}},"9":{"start":{"line":12,"column":15},"end":{"line":12,"column":61}},"10":{"start":{"line":13,"column":4},"end":{"line":13,"column":70}},"11":{"start":{"line":13,"column":14},"end":{"line":13,"column":70}},"12":{"start":{"line":15,"column":26},"end":{"line":15,"column":73}},"13":{"start":{"line":16,"column":4},"end":{"line":16,"column":79}},"14":{"start":{"line":16,"column":23},"end":{"line":16,"column":79}},"15":{"start":{"line":18,"column":18},"end":{"line":18,"column":41}},"16":{"start":{"line":19,"column":4},"end":{"line":19,"column":20}},"17":{"start":{"line":23,"column":19},"end":{"line":26,"column":6}},"18":{"start":{"line":27,"column":4},"end":{"line":27,"column":32}},"19":{"start":{"line":29,"column":0},"end":{"line":29,"column":24}}},"fnMap":{"0":{"name":"(anonymous_0)","decl":{"start":{"line":7,"column":17},"end":{"line":7,"column":18}},"loc":{"start":{"line":7,"column":37},"end":{"line":20,"column":1}},"line":7},"1":{"name":"validate","decl":{"start":{"line":22,"column":9},"end":{"line":22,"column":17}},"loc":{"start":{"line":22,"column":23},"end":{"line":28,"column":1}},"line":22}},"branchMap":{"0":{"loc":{"start":{"line":10,"column":4},"end":{"line":10,"column":86}},"type":"if","locations":[{"start":{"line":10,"column":4},"end":{"line":10,"column":86}},{"start":{"line":10,"column":4},"end":{"line":10,"column":86}}],"line":10},"1":{"loc":{"start":{"line":13,"column":4},"end":{"line":13,"column":70}},"type":"if","locations":[{"start":{"line":13,"column":4},"end":{"line":13,"column":70}},{"start":{"line":13,"column":4},"end":{"line":13,"column":70}}],"line":13},"2":{"loc":{"start":{"line":16,"column":4},"end":{"line":16,"column":79}},"type":"if","locations":[{"start":{"line":16,"column":4},"end":{"line":16,"column":79}},{"start":{"line":16,"column":4},"end":{"line":16,"column":79}}],"line":16}},"s":{"0":2,"1":2,"2":2,"3":2,"4":2,"5":2,"6":0,"7":0,"8":0,"9":0,"10":0,"11":0,"12":0,"13":0,"14":0,"15":0,"16":0,"17":0,"18":0,"19":2},"f":{"0":0,"1":0},"b":{"0":[0,0],"1":[0,0],"2":[0,0]},"_coverageSchema":"1a1c01bbd47fc00a2c39e90264f33305004495a9","hash":"b30642fdc9bbb2aa29d61d09bb2203565ae97db4"}
,"/Applications/MAMP/htdocs/smts/Stock-Market-Tracking-System/routes/orders.js": {"path":"/Applications/MAMP/htdocs/smts/Stock-Market-Tracking-System/routes/orders.js","statementMap":{"0":{"start":{"line":1,"column":27},"end":{"line":1,"column":54}},"1":{"start":{"line":2,"column":16},"end":{"line":2,"column":42}},"2":{"start":{"line":3,"column":19},"end":{"line":3,"column":48}},"3":{"start":{"line":4,"column":17},"end":{"line":4,"column":36}},"4":{"start":{"line":5,"column":10},"end":{"line":5,"column":27}},"5":{"start":{"line":6,"column":16},"end":{"line":6,"column":34}},"6":{"start":{"line":7,"column":15},"end":{"line":7,"column":31}},"7":{"start":{"line":8,"column":13},"end":{"line":8,"column":42}},"8":{"start":{"line":9,"column":13},"end":{"line":9,"column":28}},"9":{"start":{"line":10,"column":0},"end":{"line":10,"column":20}},"10":{"start":{"line":12,"column":0},"end":{"line":50,"column":3}},"11":{"start":{"line":13,"column":22},"end":{"line":13,"column":40}},"12":{"start":{"line":14,"column":4},"end":{"line":14,"column":69}},"13":{"start":{"line":14,"column":15},"end":{"line":14,"column":69}},"14":{"start":{"line":16,"column":17},"end":{"line":16,"column":63}},"15":{"start":{"line":18,"column":4},"end":{"line":18,"column":60}},"16":{"start":{"line":18,"column":15},"end":{"line":18,"column":60}},"17":{"start":{"line":20,"column":20},"end":{"line":20,"column":63}},"18":{"start":{"line":21,"column":4},"end":{"line":21,"column":66}},"19":{"start":{"line":21,"column":18},"end":{"line":21,"column":66}},"20":{"start":{"line":23,"column":4},"end":{"line":23,"column":90}},"21":{"start":{"line":23,"column":37},"end":{"line":23,"column":90}},"22":{"start":{"line":25,"column":16},"end":{"line":35,"column":6}},"23":{"start":{"line":37,"column":4},"end":{"line":49,"column":5}},"24":{"start":{"line":38,"column":6},"end":{"line":43,"column":15}},"25":{"start":{"line":45,"column":6},"end":{"line":45,"column":22}},"26":{"start":{"line":48,"column":6},"end":{"line":48,"column":57}},"27":{"start":{"line":54,"column":0},"end":{"line":60,"column":3}},"28":{"start":{"line":55,"column":16},"end":{"line":55,"column":57}},"29":{"start":{"line":57,"column":2},"end":{"line":57,"column":88}},"30":{"start":{"line":57,"column":14},"end":{"line":57,"column":88}},"31":{"start":{"line":59,"column":2},"end":{"line":59,"column":58}},"32":{"start":{"line":62,"column":0},"end":{"line":62,"column":24}}},"fnMap":{"0":{"name":"(anonymous_0)","decl":{"start":{"line":12,"column":23},"end":{"line":12,"column":24}},"loc":{"start":{"line":12,"column":43},"end":{"line":50,"column":1}},"line":12},"1":{"name":"(anonymous_1)","decl":{"start":{"line":54,"column":24},"end":{"line":54,"column":25}},"loc":{"start":{"line":54,"column":44},"end":{"line":60,"column":1}},"line":54}},"branchMap":{"0":{"loc":{"start":{"line":14,"column":4},"end":{"line":14,"column":69}},"type":"if","locations":[{"start":{"line":14,"column":4},"end":{"line":14,"column":69}},{"start":{"line":14,"column":4},"end":{"line":14,"column":69}}],"line":14},"1":{"loc":{"start":{"line":18,"column":4},"end":{"line":18,"column":60}},"type":"if","locations":[{"start":{"line":18,"column":4},"end":{"line":18,"column":60}},{"start":{"line":18,"column":4},"end":{"line":18,"column":60}}],"line":18},"2":{"loc":{"start":{"line":21,"column":4},"end":{"line":21,"column":66}},"type":"if","locations":[{"start":{"line":21,"column":4},"end":{"line":21,"column":66}},{"start":{"line":21,"column":4},"end":{"line":21,"column":66}}],"line":21},"3":{"loc":{"start":{"line":23,"column":4},"end":{"line":23,"column":90}},"type":"if","locations":[{"start":{"line":23,"column":4},"end":{"line":23,"column":90}},{"start":{"line":23,"column":4},"end":{"line":23,"column":90}}],"line":23},"4":{"loc":{"start":{"line":57,"column":2},"end":{"line":57,"column":88}},"type":"if","locations":[{"start":{"line":57,"column":2},"end":{"line":57,"column":88}},{"start":{"line":57,"column":2},"end":{"line":57,"column":88}}],"line":57}},"s":{"0":2,"1":2,"2":2,"3":2,"4":2,"5":2,"6":2,"7":2,"8":2,"9":2,"10":2,"11":0,"12":0,"13":0,"14":0,"15":0,"16":0,"17":0,"18":0,"19":0,"20":0,"21":0,"22":0,"23":0,"24":0,"25":0,"26":0,"27":2,"28":0,"29":0,"30":0,"31":0,"32":2},"f":{"0":0,"1":0},"b":{"0":[0,0],"1":[0,0],"2":[0,0],"3":[0,0],"4":[0,0]},"_coverageSchema":"1a1c01bbd47fc00a2c39e90264f33305004495a9","hash":"e942b56715077e19fa43fc05c4d944a2c5e986b6"}
,"/Applications/MAMP/htdocs/smts/Stock-Market-Tracking-System/routes/products.js": {"path":"/Applications/MAMP/htdocs/smts/Stock-Market-Tracking-System/routes/products.js","statementMap":{"0":{"start":{"line":1,"column":29},"end":{"line":1,"column":58}},"1":{"start":{"line":2,"column":17},"end":{"line":2,"column":36}},"2":{"start":{"line":3,"column":16},"end":{"line":3,"column":34}},"3":{"start":{"line":4,"column":15},"end":{"line":4,"column":31}},"4":{"start":{"line":5,"column":13},"end":{"line":5,"column":42}},"5":{"start":{"line":6,"column":0},"end":{"line":9,"column":3}},"6":{"start":{"line":7,"column":18},"end":{"line":7,"column":52}},"7":{"start":{"line":8,"column":2},"end":{"line":8,"column":20}},"8":{"start":{"line":11,"column":0},"end":{"line":22,"column":3}},"9":{"start":{"line":12,"column":20},"end":{"line":12,"column":38}},"10":{"start":{"line":13,"column":2},"end":{"line":13,"column":67}},"11":{"start":{"line":13,"column":13},"end":{"line":13,"column":67}},"12":{"start":{"line":14,"column":18},"end":{"line":18,"column":4}},"13":{"start":{"line":19,"column":2},"end":{"line":19,"column":23}},"14":{"start":{"line":21,"column":2},"end":{"line":21,"column":20}},"15":{"start":{"line":24,"column":0},"end":{"line":41,"column":3}},"16":{"start":{"line":25,"column":19},"end":{"line":25,"column":58}},"17":{"start":{"line":26,"column":2},"end":{"line":26,"column":59}},"18":{"start":{"line":26,"column":17},"end":{"line":26,"column":59}},"19":{"start":{"line":27,"column":20},"end":{"line":27,"column":38}},"20":{"start":{"line":29,"column":2},"end":{"line":29,"column":67}},"21":{"start":{"line":29,"column":13},"end":{"line":29,"column":67}},"22":{"start":{"line":32,"column":18},"end":{"line":36,"column":21}},"23":{"start":{"line":38,"column":2},"end":{"line":38,"column":92}},"24":{"start":{"line":38,"column":16},"end":{"line":38,"column":92}},"25":{"start":{"line":40,"column":2},"end":{"line":40,"column":20}},"26":{"start":{"line":43,"column":0},"end":{"line":52,"column":3}},"27":{"start":{"line":44,"column":19},"end":{"line":44,"column":58}},"28":{"start":{"line":45,"column":2},"end":{"line":45,"column":59}},"29":{"start":{"line":45,"column":17},"end":{"line":45,"column":59}},"30":{"start":{"line":47,"column":18},"end":{"line":47,"column":65}},"31":{"start":{"line":49,"column":2},"end":{"line":49,"column":92}},"32":{"start":{"line":49,"column":16},"end":{"line":49,"column":92}},"33":{"start":{"line":51,"column":2},"end":{"line":51,"column":20}},"34":{"start":{"line":54,"column":0},"end":{"line":62,"column":3}},"35":{"start":{"line":55,"column":19},"end":{"line":55,"column":58}},"36":{"start":{"line":56,"column":2},"end":{"line":56,"column":59}},"37":{"start":{"line":56,"column":17},"end":{"line":56,"column":59}},"38":{"start":{"line":58,"column":18},"end":{"line":58,"column":56}},"39":{"start":{"line":59,"column":2},"end":{"line":59,"column":92}},"40":{"start":{"line":59,"column":16},"end":{"line":59,"column":92}},"41":{"start":{"line":61,"column":2},"end":{"line":61,"column":20}},"42":{"start":{"line":64,"column":0},"end":{"line":64,"column":24}}},"fnMap":{"0":{"name":"(anonymous_0)","decl":{"start":{"line":6,"column":16},"end":{"line":6,"column":17}},"loc":{"start":{"line":6,"column":36},"end":{"line":9,"column":1}},"line":6},"1":{"name":"(anonymous_1)","decl":{"start":{"line":11,"column":23},"end":{"line":11,"column":24}},"loc":{"start":{"line":11,"column":43},"end":{"line":22,"column":1}},"line":11},"2":{"name":"(anonymous_2)","decl":{"start":{"line":24,"column":25},"end":{"line":24,"column":26}},"loc":{"start":{"line":24,"column":45},"end":{"line":41,"column":1}},"line":24},"3":{"name":"(anonymous_3)","decl":{"start":{"line":43,"column":28},"end":{"line":43,"column":29}},"loc":{"start":{"line":43,"column":48},"end":{"line":52,"column":1}},"line":43},"4":{"name":"(anonymous_4)","decl":{"start":{"line":54,"column":19},"end":{"line":54,"column":20}},"loc":{"start":{"line":54,"column":39},"end":{"line":62,"column":1}},"line":54}},"branchMap":{"0":{"loc":{"start":{"line":13,"column":2},"end":{"line":13,"column":67}},"type":"if","locations":[{"start":{"line":13,"column":2},"end":{"line":13,"column":67}},{"start":{"line":13,"column":2},"end":{"line":13,"column":67}}],"line":13},"1":{"loc":{"start":{"line":26,"column":2},"end":{"line":26,"column":59}},"type":"if","locations":[{"start":{"line":26,"column":2},"end":{"line":26,"column":59}},{"start":{"line":26,"column":2},"end":{"line":26,"column":59}}],"line":26},"2":{"loc":{"start":{"line":29,"column":2},"end":{"line":29,"column":67}},"type":"if","locations":[{"start":{"line":29,"column":2},"end":{"line":29,"column":67}},{"start":{"line":29,"column":2},"end":{"line":29,"column":67}}],"line":29},"3":{"loc":{"start":{"line":38,"column":2},"end":{"line":38,"column":92}},"type":"if","locations":[{"start":{"line":38,"column":2},"end":{"line":38,"column":92}},{"start":{"line":38,"column":2},"end":{"line":38,"column":92}}],"line":38},"4":{"loc":{"start":{"line":45,"column":2},"end":{"line":45,"column":59}},"type":"if","locations":[{"start":{"line":45,"column":2},"end":{"line":45,"column":59}},{"start":{"line":45,"column":2},"end":{"line":45,"column":59}}],"line":45},"5":{"loc":{"start":{"line":49,"column":2},"end":{"line":49,"column":92}},"type":"if","locations":[{"start":{"line":49,"column":2},"end":{"line":49,"column":92}},{"start":{"line":49,"column":2},"end":{"line":49,"column":92}}],"line":49},"6":{"loc":{"start":{"line":56,"column":2},"end":{"line":56,"column":59}},"type":"if","locations":[{"start":{"line":56,"column":2},"end":{"line":56,"column":59}},{"start":{"line":56,"column":2},"end":{"line":56,"column":59}}],"line":56},"7":{"loc":{"start":{"line":59,"column":2},"end":{"line":59,"column":92}},"type":"if","locations":[{"start":{"line":59,"column":2},"end":{"line":59,"column":92}},{"start":{"line":59,"column":2},"end":{"line":59,"column":92}}],"line":59}},"s":{"0":2,"1":2,"2":2,"3":2,"4":2,"5":2,"6":1,"7":1,"8":2,"9":5,"10":5,"11":2,"12":3,"13":3,"14":3,"15":2,"16":5,"17":5,"18":1,"19":4,"20":4,"21":1,"22":3,"23":3,"24":1,"25":2,"26":2,"27":4,"28":4,"29":1,"30":3,"31":3,"32":1,"33":2,"34":2,"35":3,"36":3,"37":1,"38":2,"39":2,"40":1,"41":1,"42":2},"f":{"0":1,"1":5,"2":5,"3":4,"4":3},"b":{"0":[2,3],"1":[1,4],"2":[1,3],"3":[1,2],"4":[1,3],"5":[1,2],"6":[1,2],"7":[1,1]},"_coverageSchema":"1a1c01bbd47fc00a2c39e90264f33305004495a9","hash":"f93d57a552047e8848c696c4dc4f2084642f2723"}
,"/Applications/MAMP/htdocs/smts/Stock-Market-Tracking-System/routes/rating.js": {"path":"/Applications/MAMP/htdocs/smts/Stock-Market-Tracking-System/routes/rating.js","statementMap":{"0":{"start":{"line":1,"column":28},"end":{"line":1,"column":55}},"1":{"start":{"line":2,"column":16},"end":{"line":2,"column":42}},"2":{"start":{"line":3,"column":19},"end":{"line":3,"column":48}},"3":{"start":{"line":4,"column":17},"end":{"line":4,"column":36}},"4":{"start":{"line":5,"column":10},"end":{"line":5,"column":27}},"5":{"start":{"line":6,"column":16},"end":{"line":6,"column":34}},"6":{"start":{"line":7,"column":15},"end":{"line":7,"column":31}},"7":{"start":{"line":8,"column":13},"end":{"line":8,"column":42}},"8":{"start":{"line":10,"column":0},"end":{"line":35,"column":3}},"9":{"start":{"line":11,"column":22},"end":{"line":11,"column":40}},"10":{"start":{"line":12,"column":4},"end":{"line":12,"column":69}},"11":{"start":{"line":12,"column":15},"end":{"line":12,"column":69}},"12":{"start":{"line":15,"column":17},"end":{"line":15,"column":63}},"13":{"start":{"line":16,"column":4},"end":{"line":16,"column":60}},"14":{"start":{"line":16,"column":15},"end":{"line":16,"column":60}},"15":{"start":{"line":18,"column":20},"end":{"line":18,"column":63}},"16":{"start":{"line":19,"column":4},"end":{"line":19,"column":66}},"17":{"start":{"line":19,"column":18},"end":{"line":19,"column":66}},"18":{"start":{"line":22,"column":17},"end":{"line":32,"column":6}},"19":{"start":{"line":33,"column":4},"end":{"line":33,"column":18}},"20":{"start":{"line":34,"column":4},"end":{"line":34,"column":21}},"21":{"start":{"line":39,"column":0},"end":{"line":64,"column":3}},"22":{"start":{"line":40,"column":16},"end":{"line":40,"column":61}},"23":{"start":{"line":41,"column":0},"end":{"line":41,"column":62}},"24":{"start":{"line":41,"column":14},"end":{"line":41,"column":62}},"25":{"start":{"line":42,"column":13},"end":{"line":63,"column":2}},"26":{"start":{"line":61,"column":4},"end":{"line":61,"column":92}},"27":{"start":{"line":61,"column":17},"end":{"line":61,"column":92}},"28":{"start":{"line":62,"column":4},"end":{"line":62,"column":46}},"29":{"start":{"line":66,"column":0},"end":{"line":66,"column":24}}},"fnMap":{"0":{"name":"(anonymous_0)","decl":{"start":{"line":10,"column":23},"end":{"line":10,"column":24}},"loc":{"start":{"line":10,"column":43},"end":{"line":35,"column":1}},"line":10},"1":{"name":"(anonymous_1)","decl":{"start":{"line":39,"column":26},"end":{"line":39,"column":27}},"loc":{"start":{"line":39,"column":46},"end":{"line":64,"column":1}},"line":39},"2":{"name":"(anonymous_2)","decl":{"start":{"line":60,"column":10},"end":{"line":60,"column":11}},"loc":{"start":{"line":60,"column":27},"end":{"line":63,"column":1}},"line":60}},"branchMap":{"0":{"loc":{"start":{"line":12,"column":4},"end":{"line":12,"column":69}},"type":"if","locations":[{"start":{"line":12,"column":4},"end":{"line":12,"column":69}},{"start":{"line":12,"column":4},"end":{"line":12,"column":69}}],"line":12},"1":{"loc":{"start":{"line":16,"column":4},"end":{"line":16,"column":60}},"type":"if","locations":[{"start":{"line":16,"column":4},"end":{"line":16,"column":60}},{"start":{"line":16,"column":4},"end":{"line":16,"column":60}}],"line":16},"2":{"loc":{"start":{"line":19,"column":4},"end":{"line":19,"column":66}},"type":"if","locations":[{"start":{"line":19,"column":4},"end":{"line":19,"column":66}},{"start":{"line":19,"column":4},"end":{"line":19,"column":66}}],"line":19},"3":{"loc":{"start":{"line":41,"column":0},"end":{"line":41,"column":62}},"type":"if","locations":[{"start":{"line":41,"column":0},"end":{"line":41,"column":62}},{"start":{"line":41,"column":0},"end":{"line":41,"column":62}}],"line":41},"4":{"loc":{"start":{"line":61,"column":4},"end":{"line":61,"column":92}},"type":"if","locations":[{"start":{"line":61,"column":4},"end":{"line":61,"column":92}},{"start":{"line":61,"column":4},"end":{"line":61,"column":92}}],"line":61}},"s":{"0":2,"1":2,"2":2,"3":2,"4":2,"5":2,"6":2,"7":2,"8":2,"9":0,"10":0,"11":0,"12":0,"13":0,"14":0,"15":0,"16":0,"17":0,"18":0,"19":0,"20":0,"21":2,"22":0,"23":0,"24":0,"25":0,"26":0,"27":0,"28":0,"29":2},"f":{"0":0,"1":0,"2":0},"b":{"0":[0,0],"1":[0,0],"2":[0,0],"3":[0,0],"4":[0,0]},"_coverageSchema":"1a1c01bbd47fc00a2c39e90264f33305004495a9","hash":"4a6fb3cd2c6c068bd0b48a6b1926c96c6ab5bc5c"}
,"/Applications/MAMP/htdocs/smts/Stock-Market-Tracking-System/routes/users.js": {"path":"/Applications/MAMP/htdocs/smts/Stock-Market-Tracking-System/routes/users.js","statementMap":{"0":{"start":{"line":1,"column":13},"end":{"line":1,"column":42}},"1":{"start":{"line":2,"column":16},"end":{"line":2,"column":42}},"2":{"start":{"line":3,"column":10},"end":{"line":3,"column":27}},"3":{"start":{"line":4,"column":12},"end":{"line":4,"column":26}},"4":{"start":{"line":5,"column":16},"end":{"line":5,"column":34}},"5":{"start":{"line":6,"column":15},"end":{"line":6,"column":31}},"6":{"start":{"line":8,"column":0},"end":{"line":11,"column":3}},"7":{"start":{"line":10,"column":4},"end":{"line":10,"column":23}},"8":{"start":{"line":12,"column":0},"end":{"line":22,"column":5}},"9":{"start":{"line":13,"column":22},"end":{"line":13,"column":47}},"10":{"start":{"line":14,"column":4},"end":{"line":14,"column":69}},"11":{"start":{"line":14,"column":15},"end":{"line":14,"column":69}},"12":{"start":{"line":16,"column":15},"end":{"line":16,"column":61}},"13":{"start":{"line":18,"column":4},"end":{"line":18,"column":36}},"14":{"start":{"line":19,"column":4},"end":{"line":19,"column":22}},"15":{"start":{"line":20,"column":4},"end":{"line":20,"column":50}},"16":{"start":{"line":24,"column":19},"end":{"line":26,"column":6}},"17":{"start":{"line":27,"column":4},"end":{"line":27,"column":32}},"18":{"start":{"line":29,"column":0},"end":{"line":29,"column":24}}},"fnMap":{"0":{"name":"(anonymous_0)","decl":{"start":{"line":8,"column":24},"end":{"line":8,"column":25}},"loc":{"start":{"line":8,"column":44},"end":{"line":11,"column":1}},"line":8},"1":{"name":"(anonymous_1)","decl":{"start":{"line":12,"column":30},"end":{"line":12,"column":31}},"loc":{"start":{"line":12,"column":50},"end":{"line":22,"column":3}},"line":12},"2":{"name":"validateBalance","decl":{"start":{"line":23,"column":9},"end":{"line":23,"column":24}},"loc":{"start":{"line":23,"column":30},"end":{"line":28,"column":1}},"line":23}},"branchMap":{"0":{"loc":{"start":{"line":14,"column":4},"end":{"line":14,"column":69}},"type":"if","locations":[{"start":{"line":14,"column":4},"end":{"line":14,"column":69}},{"start":{"line":14,"column":4},"end":{"line":14,"column":69}}],"line":14}},"s":{"0":2,"1":2,"2":2,"3":2,"4":2,"5":2,"6":2,"7":0,"8":2,"9":0,"10":0,"11":0,"12":0,"13":0,"14":0,"15":0,"16":0,"17":0,"18":2},"f":{"0":0,"1":0,"2":0},"b":{"0":[0,0]},"_coverageSchema":"1a1c01bbd47fc00a2c39e90264f33305004495a9","hash":"b7e6ea222f2b8e3d1bf849aa23983320bc7d81f8"}
,"/Applications/MAMP/htdocs/smts/Stock-Market-Tracking-System/startup/db.js": {"path":"/Applications/MAMP/htdocs/smts/Stock-Market-Tracking-System/startup/db.js","statementMap":{"0":{"start":{"line":1,"column":16},"end":{"line":1,"column":34}},"1":{"start":{"line":2,"column":15},"end":{"line":2,"column":32}},"2":{"start":{"line":3,"column":17},"end":{"line":3,"column":36}},"3":{"start":{"line":4,"column":0},"end":{"line":8,"column":1}},"4":{"start":{"line":5,"column":15},"end":{"line":5,"column":31}},"5":{"start":{"line":6,"column":4},"end":{"line":7,"column":50}},"6":{"start":{"line":7,"column":16},"end":{"line":7,"column":48}}},"fnMap":{"0":{"name":"(anonymous_0)","decl":{"start":{"line":4,"column":17},"end":{"line":4,"column":18}},"loc":{"start":{"line":4,"column":29},"end":{"line":8,"column":1}},"line":4},"1":{"name":"(anonymous_1)","decl":{"start":{"line":7,"column":10},"end":{"line":7,"column":11}},"loc":{"start":{"line":7,"column":16},"end":{"line":7,"column":48}},"line":7}},"branchMap":{},"s":{"0":2,"1":2,"2":2,"3":2,"4":2,"5":2,"6":2},"f":{"0":2,"1":2},"b":{},"_coverageSchema":"1a1c01bbd47fc00a2c39e90264f33305004495a9","hash":"dff2ed6490eb820f5e0215299807fb989dde2e3f"}
,"/Applications/MAMP/htdocs/smts/Stock-Market-Tracking-System/startup/logging.js": {"path":"/Applications/MAMP/htdocs/smts/Stock-Market-Tracking-System/startup/logging.js","statementMap":{"0":{"start":{"line":1,"column":22},"end":{"line":1,"column":40}},"1":{"start":{"line":2,"column":16},"end":{"line":2,"column":34}},"2":{"start":{"line":3,"column":0},"end":{"line":3,"column":32}},"3":{"start":{"line":4,"column":0},"end":{"line":12,"column":1}},"4":{"start":{"line":5,"column":4},"end":{"line":8,"column":6}},"5":{"start":{"line":9,"column":4},"end":{"line":11,"column":7}},"6":{"start":{"line":10,"column":8},"end":{"line":10,"column":17}}},"fnMap":{"0":{"name":"(anonymous_0)","decl":{"start":{"line":4,"column":17},"end":{"line":4,"column":18}},"loc":{"start":{"line":4,"column":29},"end":{"line":12,"column":1}},"line":4},"1":{"name":"(anonymous_1)","decl":{"start":{"line":9,"column":37},"end":{"line":9,"column":38}},"loc":{"start":{"line":9,"column":45},"end":{"line":11,"column":5}},"line":9}},"branchMap":{},"s":{"0":2,"1":2,"2":2,"3":2,"4":2,"5":2,"6":0},"f":{"0":2,"1":0},"b":{},"_coverageSchema":"1a1c01bbd47fc00a2c39e90264f33305004495a9","hash":"829e86e711e9cb0babd66064e2895382a83f2f35"}
,"/Applications/MAMP/htdocs/smts/Stock-Market-Tracking-System/startup/routes.js": {"path":"/Applications/MAMP/htdocs/smts/Stock-Market-Tracking-System/startup/routes.js","statementMap":{"0":{"start":{"line":1,"column":16},"end":{"line":1,"column":34}},"1":{"start":{"line":2,"column":14},"end":{"line":2,"column":40}},"2":{"start":{"line":3,"column":13},"end":{"line":3,"column":38}},"3":{"start":{"line":4,"column":17},"end":{"line":4,"column":46}},"4":{"start":{"line":5,"column":15},"end":{"line":5,"column":42}},"5":{"start":{"line":6,"column":15},"end":{"line":6,"column":42}},"6":{"start":{"line":7,"column":14},"end":{"line":7,"column":44}},"7":{"start":{"line":9,"column":0},"end":{"line":17,"column":1}},"8":{"start":{"line":10,"column":4},"end":{"line":10,"column":28}},"9":{"start":{"line":11,"column":4},"end":{"line":11,"column":33}},"10":{"start":{"line":12,"column":4},"end":{"line":12,"column":31}},"11":{"start":{"line":13,"column":4},"end":{"line":13,"column":39}},"12":{"start":{"line":14,"column":4},"end":{"line":14,"column":35}},"13":{"start":{"line":15,"column":4},"end":{"line":15,"column":35}},"14":{"start":{"line":16,"column":4},"end":{"line":16,"column":19}}},"fnMap":{"0":{"name":"(anonymous_0)","decl":{"start":{"line":9,"column":17},"end":{"line":9,"column":18}},"loc":{"start":{"line":9,"column":32},"end":{"line":17,"column":1}},"line":9}},"branchMap":{},"s":{"0":2,"1":2,"2":2,"3":2,"4":2,"5":2,"6":2,"7":2,"8":2,"9":2,"10":2,"11":2,"12":2,"13":2,"14":2},"f":{"0":2},"b":{},"_coverageSchema":"1a1c01bbd47fc00a2c39e90264f33305004495a9","hash":"0ca59982eaadfd8147706c64185f636c08a0db4e"}
}
