TN:
SF:index.js
FN:15,(anonymous_0)
FNF:1
FNH:1
FNDA:2,(anonymous_0)
DA:1,2
DA:2,2
DA:3,2
DA:4,2
DA:6,2
DA:7,2
DA:8,2
DA:10,2
DA:11,2
DA:13,2
DA:15,2
DA:17,2
LF:12
LH:12
BRDA:13,0,0,2
BRDA:13,0,1,2
BRF:2
BRH:2
end_of_record
TN:
SF:middleware/auth.js
FN:4,(anonymous_0)
FNF:1
FNH:1
FNDA:19,(anonymous_0)
DA:1,2
DA:2,2
DA:4,2
DA:5,19
DA:6,19
DA:7,15
DA:8,15
DA:9,14
DA:10,14
DA:13,1
LF:10
LH:10
BRDA:6,0,0,4
BRDA:6,0,1,15
BRF:2
BRH:2
end_of_record
TN:
SF:middleware/error.js
FN:3,(anonymous_0)
FNF:1
FNH:0
FNDA:0,(anonymous_0)
DA:1,2
DA:3,2
DA:4,0
DA:5,0
DA:6,0
LF:5
LH:2
BRF:0
BRH:0
end_of_record
TN:
SF:models/orders.js
FN:46,validateOrder
FNF:1
FNH:0
FNDA:0,validateOrder
DA:1,2
DA:2,2
DA:3,2
DA:4,2
DA:6,2
DA:44,2
DA:47,0
DA:50,0
DA:53,2
DA:54,2
LF:10
LH:8
BRF:0
BRH:0
end_of_record
TN:
SF:models/products.js
FN:27,validateProduct
FNF:1
FNH:1
FNDA:9,validateProduct
DA:1,2
DA:2,2
DA:4,2
DA:28,9
DA:33,9
DA:36,2
DA:37,2
LF:7
LH:7
BRF:0
BRH:0
end_of_record
TN:
SF:models/rating.js
FN:38,validateRating
FNF:1
FNH:0
FNDA:0,validateRating
DA:1,2
DA:2,2
DA:3,2
DA:5,2
DA:36,2
DA:39,0
DA:43,0
DA:46,2
DA:47,2
LF:9
LH:7
BRF:0
BRH:0
end_of_record
TN:
SF:models/users.js
FN:33,validatePassword
FN:40,generateAuthToken
FN:44,validateUser
FNF:3
FNH:1
FNDA:0,validatePassword
FNDA:19,generateAuthToken
FNDA:0,validateUser
DA:2,2
DA:3,2
DA:4,2
DA:6,2
DA:34,0
DA:41,19
DA:42,19
DA:45,0
DA:50,0
DA:53,2
DA:55,2
DA:56,2
DA:57,2
DA:58,2
LF:14
LH:11
BRF:0
BRH:0
end_of_record
TN:
SF:routes/auth.js
FN:7,(anonymous_0)
FN:22,validate
FNF:2
FNH:0
FNDA:0,(anonymous_0)
FNDA:0,validate
DA:1,2
DA:2,2
DA:3,2
DA:4,2
DA:5,2
DA:7,2
DA:8,0
DA:10,0
DA:12,0
DA:13,0
DA:15,0
DA:16,0
DA:18,0
DA:19,0
DA:23,0
DA:27,0
DA:29,2
LF:17
LH:7
BRDA:10,0,0,0
BRDA:10,0,1,0
BRDA:13,1,0,0
BRDA:13,1,1,0
BRDA:16,2,0,0
BRDA:16,2,1,0
BRF:6
BRH:0
end_of_record
TN:
SF:routes/orders.js
FN:12,(anonymous_0)
FN:54,(anonymous_1)
FNF:2
FNH:0
FNDA:0,(anonymous_0)
FNDA:0,(anonymous_1)
DA:1,2
DA:2,2
DA:3,2
DA:4,2
DA:5,2
DA:6,2
DA:7,2
DA:8,2
DA:9,2
DA:10,2
DA:12,2
DA:13,0
DA:14,0
DA:16,0
DA:18,0
DA:20,0
DA:21,0
DA:23,0
DA:25,0
DA:37,0
DA:38,0
DA:45,0
DA:48,0
DA:54,2
DA:55,0
DA:57,0
DA:59,0
DA:62,2
LF:28
LH:13
BRDA:14,0,0,0
BRDA:14,0,1,0
BRDA:18,1,0,0
BRDA:18,1,1,0
BRDA:21,2,0,0
BRDA:21,2,1,0
BRDA:23,3,0,0
BRDA:23,3,1,0
BRDA:57,4,0,0
BRDA:57,4,1,0
BRF:10
BRH:0
end_of_record
TN:
SF:routes/products.js
FN:6,(anonymous_0)
FN:11,(anonymous_1)
FN:24,(anonymous_2)
FN:43,(anonymous_3)
FN:54,(anonymous_4)
FNF:5
FNH:5
FNDA:1,(anonymous_0)
FNDA:5,(anonymous_1)
FNDA:5,(anonymous_2)
FNDA:4,(anonymous_3)
FNDA:3,(anonymous_4)
DA:1,2
DA:2,2
DA:3,2
DA:4,2
DA:5,2
DA:6,2
DA:7,1
DA:8,1
DA:11,2
DA:12,5
DA:13,5
DA:14,3
DA:19,3
DA:21,3
DA:24,2
DA:25,5
DA:26,5
DA:27,4
DA:29,4
DA:32,3
DA:38,3
DA:40,2
DA:43,2
DA:44,4
DA:45,4
DA:47,3
DA:49,3
DA:51,2
DA:54,2
DA:55,3
DA:56,3
DA:58,2
DA:59,2
DA:61,1
DA:64,2
LF:35
LH:35
BRDA:13,0,0,2
BRDA:13,0,1,3
BRDA:26,1,0,1
BRDA:26,1,1,4
BRDA:29,2,0,1
BRDA:29,2,1,3
BRDA:38,3,0,1
BRDA:38,3,1,2
BRDA:45,4,0,1
BRDA:45,4,1,3
BRDA:49,5,0,1
BRDA:49,5,1,2
BRDA:56,6,0,1
BRDA:56,6,1,2
BRDA:59,7,0,1
BRDA:59,7,1,1
BRF:16
BRH:16
end_of_record
TN:
SF:routes/rating.js
FN:10,(anonymous_0)
FN:39,(anonymous_1)
FN:60,(anonymous_2)
FNF:3
FNH:0
FNDA:0,(anonymous_0)
FNDA:0,(anonymous_1)
FNDA:0,(anonymous_2)
DA:1,2
DA:2,2
DA:3,2
DA:4,2
DA:5,2
DA:6,2
DA:7,2
DA:8,2
DA:10,2
DA:11,0
DA:12,0
DA:15,0
DA:16,0
DA:18,0
DA:19,0
DA:22,0
DA:33,0
DA:34,0
DA:39,2
DA:40,0
DA:41,0
DA:42,0
DA:61,0
DA:62,0
DA:66,2
LF:25
LH:11
BRDA:12,0,0,0
BRDA:12,0,1,0
BRDA:16,1,0,0
BRDA:16,1,1,0
BRDA:19,2,0,0
BRDA:19,2,1,0
BRDA:41,3,0,0
BRDA:41,3,1,0
BRDA:61,4,0,0
BRDA:61,4,1,0
BRF:10
BRH:0
end_of_record
TN:
SF:routes/users.js
FN:8,(anonymous_0)
FN:12,(anonymous_1)
FN:23,validateBalance
FNF:3
FNH:0
FNDA:0,(anonymous_0)
FNDA:0,(anonymous_1)
FNDA:0,validateBalance
DA:1,2
DA:2,2
DA:3,2
DA:4,2
DA:5,2
DA:6,2
DA:8,2
DA:10,0
DA:12,2
DA:13,0
DA:14,0
DA:16,0
DA:18,0
DA:19,0
DA:20,0
DA:24,0
DA:27,0
DA:29,2
LF:18
LH:9
BRDA:14,0,0,0
BRDA:14,0,1,0
BRF:2
BRH:0
end_of_record
TN:
SF:startup/db.js
FN:4,(anonymous_0)
FN:7,(anonymous_1)
FNF:2
FNH:2
FNDA:2,(anonymous_0)
FNDA:2,(anonymous_1)
DA:1,2
DA:2,2
DA:3,2
DA:4,2
DA:5,2
DA:6,2
DA:7,2
LF:7
LH:7
BRF:0
BRH:0
end_of_record
TN:
SF:startup/logging.js
FN:4,(anonymous_0)
FN:9,(anonymous_1)
FNF:2
FNH:1
FNDA:2,(anonymous_0)
FNDA:0,(anonymous_1)
DA:1,2
DA:2,2
DA:3,2
DA:4,2
DA:5,2
DA:9,2
DA:10,0
LF:7
LH:6
BRF:0
BRH:0
end_of_record
TN:
SF:startup/routes.js
FN:9,(anonymous_0)
FNF:1
FNH:1
FNDA:2,(anonymous_0)
DA:1,2
DA:2,2
DA:3,2
DA:4,2
DA:5,2
DA:6,2
DA:7,2
DA:9,2
DA:10,2
DA:11,2
DA:12,2
DA:13,2
DA:14,2
DA:15,2
DA:16,2
LF:15
LH:15
BRF:0
BRH:0
end_of_record
